<?xml version="1.0" encoding="UTF-8"?>
<!-- Generated by org.testng.reporters.JUnitXMLReporter -->
<testsuite hostname="DESKTOP-6QQF9JU" ignored="0" name="Default test" tests="3" failures="0" timestamp="31 Aug 2019 20:54:23 GMT" time="102.588" errors="0">
  <testcase name="StartChromeBrowser" time="0.915" classname="com.JQuery_practic.JqueryUITest"/>
  <testcase name="interactions" time="13.119" classname="com.JQuery_practic.JqueryUITest"/>
  <testcase name="widgets" time="64.441" classname="com.JQuery_practic.JqueryUITest"/>
</testsuite> <!-- Default test -->
