<?xml version="1.0" encoding="UTF-8"?>
<testng-results skipped="0" failed="0" ignored="0" total="1" passed="1">
  <reporter-output>
  </reporter-output>
  <suite name="Default suite" duration-ms="12464" started-at="2019-04-26T22:46:46Z" finished-at="2019-04-26T22:46:58Z">
    <groups>
    </groups>
    <test name="Default test" duration-ms="12464" started-at="2019-04-26T22:46:46Z" finished-at="2019-04-26T22:46:58Z">
      <class name="com.JQuery_practic.JQueryAutomation">
        <test-method status="PASS" signature="beforeMethodI()[pri:0, instance:com.JQuery_practic.JQueryAutomation@3ffc5af1]" name="beforeMethodI" is-config="true" duration-ms="4266" started-at="2019-04-26T22:46:46Z" finished-at="2019-04-26T22:46:50Z">
          <reporter-output>
          </reporter-output>
        </test-method> <!-- beforeMethodI -->
        <test-method status="PASS" signature="Interactions()[pri:0, instance:com.JQuery_practic.JQueryAutomation@3ffc5af1]" name="Interactions" duration-ms="4403" started-at="2019-04-26T22:46:50Z" finished-at="2019-04-26T22:46:54Z">
          <reporter-output>
          </reporter-output>
        </test-method> <!-- Interactions -->
        <test-method status="PASS" signature="afterMethod()[pri:0, instance:com.JQuery_practic.JQueryAutomation@3ffc5af1]" name="afterMethod" is-config="true" duration-ms="3771" started-at="2019-04-26T22:46:54Z" finished-at="2019-04-26T22:46:58Z">
          <reporter-output>
          </reporter-output>
        </test-method> <!-- afterMethod -->
      </class> <!-- com.JQuery_practic.JQueryAutomation -->
    </test> <!-- Default test -->
  </suite> <!-- Default suite -->
</testng-results>
